Traceback (most recent call last):
  File "/Users/kootsoop/opt/anaconda3/lib/python3.9/site-packages/jupyter_cache/executors/utils.py", line 51, in single_nb_execution
    executenb(
  File "/Users/kootsoop/opt/anaconda3/lib/python3.9/site-packages/nbclient/client.py", line 1204, in execute
    return NotebookClient(nb=nb, resources=resources, km=km, **kwargs).execute()
  File "/Users/kootsoop/opt/anaconda3/lib/python3.9/site-packages/nbclient/util.py", line 84, in wrapped
    return just_run(coro(*args, **kwargs))
  File "/Users/kootsoop/opt/anaconda3/lib/python3.9/site-packages/nbclient/util.py", line 62, in just_run
    return loop.run_until_complete(coro)
  File "/Users/kootsoop/opt/anaconda3/lib/python3.9/asyncio/base_events.py", line 647, in run_until_complete
    return future.result()
  File "/Users/kootsoop/opt/anaconda3/lib/python3.9/site-packages/nbclient/client.py", line 663, in async_execute
    await self.async_execute_cell(
  File "/Users/kootsoop/opt/anaconda3/lib/python3.9/site-packages/nbclient/client.py", line 965, in async_execute_cell
    await self._check_raise_for_error(cell, cell_index, exec_reply)
  File "/Users/kootsoop/opt/anaconda3/lib/python3.9/site-packages/nbclient/client.py", line 862, in _check_raise_for_error
    raise CellExecutionError.from_cell_and_msg(cell, exec_reply_content)
nbclient.exceptions.CellExecutionError: An error occurred while executing the following cell:
------------------
with schemdraw.Drawing(file='mesh-analysis-differential-equations.svg') as d:
    d += elm.SourceV().up().label('$v_S(t)$\n$12 \\angle 0^\circ$').length(6)
    d += elm.Resistor().right().label('$R_1$\n$4 \Omega$')
    d.push()
    d += elm.Inductor().right().label('$L$')
    d += elm.SourceI().down().label('$i_S(t)$\n$4 \\angle{90^\circ}$ A', loc='bot').length(6).reverse()
    d += elm.Line().length(6).left()
    d.pop()
    d += elm.Capacitor().down().label('$C$', loc='bot')
    d += elm.Resistor().down().label(['+', '$v_O(t)$', '-']).label('$R_2$', loc='bot')

with schemdraw.Drawing(file='mesh-analysis-differential-equations-meshes.svg') as d:
    d += (VS := elm.SourceV().up().label('$v_S(t)$\n$12 \\angle 0^\circ$').length(6))
    d += (R1 := elm.Resistor().right().label('$R_1$\n$4 \Omega$'))
    d.push()
    d += (L := elm.Inductor().right().label('$L$'))
    d += (Is := elm.SourceI().down().label('$i_S(t)$\n$4 \\angle{90^\circ}$ A', loc='bot').length(6).reverse())
    d += (LN := elm.Line().length(6).left())
    d.pop()
    d += (C := elm.Capacitor().down().label('$C$', loc='bot'))
    d += (R2 := elm.Resistor().down().label(['+', '$v_O(t)$', '-']).label('$R_2$', loc='bot'))
    d += elm.LoopCurrent([R1,C,LN,VS], pad = 0.1).label('$I_1$').color('red')
    d += elm.LoopCurrent([L,IS,LN,C], pad = 0.1).label('$I_2$').color('blue')
------------------

[0;31m---------------------------------------------------------------------------[0m
[0;31mNameError[0m                                 Traceback (most recent call last)
[0;32m/var/folders/65/qy_bbqpj2x3470cgr0fmhyc40000gn/T/ipykernel_31015/514067472.py[0m in [0;36m<module>[0;34m[0m
[1;32m     21[0m     [0md[0m [0;34m+=[0m [0;34m([0m[0mR2[0m [0;34m:=[0m [0melm[0m[0;34m.[0m[0mResistor[0m[0;34m([0m[0;34m)[0m[0;34m.[0m[0mdown[0m[0;34m([0m[0;34m)[0m[0;34m.[0m[0mlabel[0m[0;34m([0m[0;34m[[0m[0;34m'+'[0m[0;34m,[0m [0;34m'$v_O(t)$'[0m[0;34m,[0m [0;34m'-'[0m[0;34m][0m[0;34m)[0m[0;34m.[0m[0mlabel[0m[0;34m([0m[0;34m'$R_2$'[0m[0;34m,[0m [0mloc[0m[0;34m=[0m[0;34m'bot'[0m[0;34m)[0m[0;34m)[0m[0;34m[0m[0;34m[0m[0m
[1;32m     22[0m     [0md[0m [0;34m+=[0m [0melm[0m[0;34m.[0m[0mLoopCurrent[0m[0;34m([0m[0;34m[[0m[0mR1[0m[0;34m,[0m[0mC[0m[0;34m,[0m[0mLN[0m[0;34m,[0m[0mVS[0m[0;34m][0m[0;34m,[0m [0mpad[0m [0;34m=[0m [0;36m0.1[0m[0;34m)[0m[0;34m.[0m[0mlabel[0m[0;34m([0m[0;34m'$I_1$'[0m[0;34m)[0m[0;34m.[0m[0mcolor[0m[0;34m([0m[0;34m'red'[0m[0;34m)[0m[0;34m[0m[0;34m[0m[0m
[0;32m---> 23[0;31m     [0md[0m [0;34m+=[0m [0melm[0m[0;34m.[0m[0mLoopCurrent[0m[0;34m([0m[0;34m[[0m[0mL[0m[0;34m,[0m[0mIS[0m[0;34m,[0m[0mLN[0m[0;34m,[0m[0mC[0m[0;34m][0m[0;34m,[0m [0mpad[0m [0;34m=[0m [0;36m0.1[0m[0;34m)[0m[0;34m.[0m[0mlabel[0m[0;34m([0m[0;34m'$I_2$'[0m[0;34m)[0m[0;34m.[0m[0mcolor[0m[0;34m([0m[0;34m'blue'[0m[0;34m)[0m[0;34m[0m[0;34m[0m[0m
[0m
[0;31mNameError[0m: name 'IS' is not defined
NameError: name 'IS' is not defined

