Traceback (most recent call last):
  File "/Users/kootsoop/opt/anaconda3/lib/python3.9/site-packages/jupyter_cache/executors/utils.py", line 51, in single_nb_execution
    executenb(
  File "/Users/kootsoop/opt/anaconda3/lib/python3.9/site-packages/nbclient/client.py", line 1204, in execute
    return NotebookClient(nb=nb, resources=resources, km=km, **kwargs).execute()
  File "/Users/kootsoop/opt/anaconda3/lib/python3.9/site-packages/nbclient/util.py", line 84, in wrapped
    return just_run(coro(*args, **kwargs))
  File "/Users/kootsoop/opt/anaconda3/lib/python3.9/site-packages/nbclient/util.py", line 62, in just_run
    return loop.run_until_complete(coro)
  File "/Users/kootsoop/opt/anaconda3/lib/python3.9/asyncio/base_events.py", line 647, in run_until_complete
    return future.result()
  File "/Users/kootsoop/opt/anaconda3/lib/python3.9/site-packages/nbclient/client.py", line 663, in async_execute
    await self.async_execute_cell(
  File "/Users/kootsoop/opt/anaconda3/lib/python3.9/site-packages/nbclient/client.py", line 965, in async_execute_cell
    await self._check_raise_for_error(cell, cell_index, exec_reply)
  File "/Users/kootsoop/opt/anaconda3/lib/python3.9/site-packages/nbclient/client.py", line 862, in _check_raise_for_error
    raise CellExecutionError.from_cell_and_msg(cell, exec_reply_content)
nbclient.exceptions.CellExecutionError: An error occurred while executing the following cell:
------------------
import schemdraw
import schemdraw.elements as elm
with schemdraw.Drawing(file='nodal-example-3.svg') as d:
    d.push()
    d += elm.GroundSignal()
    d.pop()
    d += (R1 := elm.ResistorIEC().up().label('$R_1$'))
    d += elm.CurrentLabelInline(direction='out', ofst=-0.6).at(R1.start).label('$I_a$', fontsize='20')
    d += (A := elm.Dot().label('A', loc='left'))
    d += (R2 := elm.ResistorIEC().right().label('$R_2$'))
    d += elm.CurrentLabelInline(direction='in', ofst=0.3).at(R2.end).label('$I_b$')
    d += (B := elm.Dot().label('B'))
    d += (R3 := elm.ResistorIEC().right().label('$R_3$'))
    d += elm.CurrentLabelInline(direction='out', ofst=-0.6).at(R3.start).label('$I_c$')
    d += (C := elm.Dot().label('C', loc='right'))
    d += (R4 := elm.ResistorIEC().down().label('$R_4$'))
    d += elm.CurrentLabelInline(direction='in', ofst=0.3).at(R4.end).label('$I_d$')
    d += elm.Line().left()
    d.push()
    d += (R5 := elm.ResistorIEC().up().label('$R_5$'))
    d += elm.CurrentLabelInline(direction='out', ofst=-0.6).at(R5.start).label('$I_e$')
    d.pop()
    d += elm.Line().left()
    d.move_from(A.end, 0, 0)
    d += elm.Line().up()
    d += (R6 := elm.ResistorIEC().right().label('$R_6$').length(6))
    d += elm.CurrentLabelInline(direction='in', ofst=1.5).at(R6.end).label('$I_f$')
    d += elm.Line().down()
------------------

[0;31m---------------------------------------------------------------------------[0m
[0;31mTypeError[0m                                 Traceback (most recent call last)
[0;32m/var/folders/65/qy_bbqpj2x3470cgr0fmhyc40000gn/T/ipykernel_99537/527940736.py[0m in [0;36m<module>[0;34m[0m
[1;32m     26[0m     [0md[0m [0;34m+=[0m [0;34m([0m[0mR6[0m [0;34m:=[0m [0melm[0m[0;34m.[0m[0mResistorIEC[0m[0;34m([0m[0;34m)[0m[0;34m.[0m[0mright[0m[0;34m([0m[0;34m)[0m[0;34m.[0m[0mlabel[0m[0;34m([0m[0;34m'$R_6$'[0m[0;34m)[0m[0;34m.[0m[0mlength[0m[0;34m([0m[0;36m6[0m[0;34m)[0m[0;34m)[0m[0;34m[0m[0;34m[0m[0m
[1;32m     27[0m     [0md[0m [0;34m+=[0m [0melm[0m[0;34m.[0m[0mCurrentLabelInline[0m[0;34m([0m[0mdirection[0m[0;34m=[0m[0;34m'in'[0m[0;34m,[0m [0mofst[0m[0;34m=[0m[0;36m1.5[0m[0;34m)[0m[0;34m.[0m[0mat[0m[0;34m([0m[0mR6[0m[0;34m.[0m[0mend[0m[0;34m)[0m[0;34m.[0m[0mlabel[0m[0;34m([0m[0;34m'$I_f$'[0m[0;34m)[0m[0;34m[0m[0;34m[0m[0m
[0;32m---> 28[0;31m     [0md[0m [0;34m+=[0m [0melm[0m[0;34m.[0m[0mLine[0m[0;34m([0m[0;34m)[0m[0;34m.[0m[0mdown[0m[0;34m([0m[0;34m)[0m[0;34m[0m[0;34m[0m[0m
[0m
[0;32m~/opt/anaconda3/lib/python3.9/site-packages/schemdraw/schemdraw.py[0m in [0;36m__exit__[0;34m(self, exc_type, exc_val, exc_tb)[0m
[1;32m    174[0m         [0;34m''' Exit context manager - save to file and display '''[0m[0;34m[0m[0;34m[0m[0m
[1;32m    175[0m         [0;32mif[0m [0mself[0m[0;34m.[0m[0moutfile[0m [0;32mis[0m [0;32mnot[0m [0;32mNone[0m[0;34m:[0m[0;34m[0m[0;34m[0m[0m
[0;32m--> 176[0;31m             [0mself[0m[0;34m.[0m[0msave[0m[0;34m([0m[0mself[0m[0;34m.[0m[0moutfile[0m[0;34m)[0m[0;34m[0m[0;34m[0m[0m
[0m[1;32m    177[0m         [0;32mif[0m [0mself[0m[0;34m.[0m[0mshow[0m[0;34m:[0m[0;34m[0m[0;34m[0m[0m
[1;32m    178[0m             [0;32mtry[0m[0;34m:[0m[0;34m[0m[0;34m[0m[0m

[0;32m~/opt/anaconda3/lib/python3.9/site-packages/schemdraw/schemdraw.py[0m in [0;36msave[0;34m(self, fname, transparent, dpi)[0m
[1;32m    387[0m         '''
[1;32m    388[0m         [0;32mif[0m [0mself[0m[0;34m.[0m[0mfig[0m [0;32mis[0m [0;32mNone[0m[0;34m:[0m[0;34m[0m[0;34m[0m[0m
[0;32m--> 389[0;31m             [0mself[0m[0;34m.[0m[0mdraw[0m[0;34m([0m[0mshow[0m[0;34m=[0m[0;32mFalse[0m[0;34m)[0m[0;34m[0m[0;34m[0m[0m
[0m[1;32m    390[0m         [0mself[0m[0;34m.[0m[0mfig[0m[0;34m.[0m[0msave[0m[0;34m([0m[0mfname[0m[0;34m,[0m [0mtransparent[0m[0;34m=[0m[0mtransparent[0m[0;34m,[0m [0mdpi[0m[0;34m=[0m[0mdpi[0m[0;34m)[0m  [0;31m# type: ignore[0m[0;34m[0m[0;34m[0m[0m
[1;32m    391[0m [0;34m[0m[0m

[0;32m~/opt/anaconda3/lib/python3.9/site-packages/schemdraw/schemdraw.py[0m in [0;36mdraw[0;34m(self, showframe, show, ax, backend)[0m
[1;32m    362[0m         [0mbackend[0m [0;34m=[0m [0mbackend[0m [0;32mif[0m [0mbackend[0m [0;32mis[0m [0;32mnot[0m [0;32mNone[0m [0;32melse[0m [0mself[0m[0;34m.[0m[0mbackend[0m[0;34m[0m[0;34m[0m[0m
[1;32m    363[0m         [0;32mif[0m [0;34m([0m[0mself[0m[0;34m.[0m[0mfig[0m [0;32mis[0m [0;32mNone[0m [0;32mor[0m [0max[0m [0;32mis[0m [0;32mnot[0m [0;32mNone[0m [0;32mor[0m [0mshowframe[0m [0;34m!=[0m [0mself[0m[0;34m.[0m[0mfig[0m[0;34m.[0m[0mshowframe[0m [0;32mor[0m [0mbackend[0m [0;34m!=[0m [0mself[0m[0;34m.[0m[0mbackend[0m[0;34m)[0m[0;34m:[0m[0;34m[0m[0;34m[0m[0m
[0;32m--> 364[0;31m             [0mself[0m[0;34m.[0m[0m_initfig[0m[0;34m([0m[0max[0m[0;34m=[0m[0max[0m[0;34m,[0m [0mbackend[0m[0;34m=[0m[0mbackend[0m[0;34m,[0m [0mshowframe[0m[0;34m=[0m[0mshowframe[0m[0;34m)[0m[0;34m[0m[0;34m[0m[0m
[0m[1;32m    365[0m [0;34m[0m[0m
[1;32m    366[0m         [0mself[0m[0;34m.[0m[0mbackend[0m [0;34m=[0m [0mbackend[0m[0;34m[0m[0;34m[0m[0m

[0;32m~/opt/anaconda3/lib/python3.9/site-packages/schemdraw/schemdraw.py[0m in [0;36m_initfig[0;34m(self, ax, backend, showframe)[0m
[1;32m    338[0m                     'svg': svgFigure}.get(backend, Figure)  # type: ignore
[1;32m    339[0m         fig = figclass(ax=ax,
[0;32m--> 340[0;31m                        [0mbbox[0m[0;34m=[0m[0mself[0m[0;34m.[0m[0mget_bbox[0m[0;34m([0m[0;34m)[0m[0;34m,[0m[0;34m[0m[0;34m[0m[0m
[0m[1;32m    341[0m                        [0minches_per_unit[0m[0;34m=[0m[0mself[0m[0;34m.[0m[0mdwgparams[0m[0;34m.[0m[0mget[0m[0;34m([0m[0;34m'inches_per_unit'[0m[0;34m)[0m[0;34m,[0m[0;34m[0m[0;34m[0m[0m
[1;32m    342[0m                        showframe=showframe)

[0;32m~/opt/anaconda3/lib/python3.9/site-packages/schemdraw/schemdraw.py[0m in [0;36mget_bbox[0;34m(self)[0m
[1;32m    194[0m         [0mymax[0m [0;34m=[0m [0;34m-[0m[0mmath[0m[0;34m.[0m[0minf[0m[0;34m[0m[0;34m[0m[0m
[1;32m    195[0m         [0;32mfor[0m [0melement[0m [0;32min[0m [0mself[0m[0;34m.[0m[0melements[0m[0;34m:[0m[0;34m[0m[0;34m[0m[0m
[0;32m--> 196[0;31m             [0mbbox[0m [0;34m=[0m [0melement[0m[0;34m.[0m[0mget_bbox[0m[0;34m([0m[0mtransform[0m[0;34m=[0m[0;32mTrue[0m[0;34m)[0m[0;34m[0m[0;34m[0m[0m
[0m[1;32m    197[0m             [0mxmin[0m [0;34m=[0m [0mmin[0m[0;34m([0m[0mbbox[0m[0;34m.[0m[0mxmin[0m[0;34m,[0m [0mxmin[0m[0;34m)[0m[0;34m[0m[0;34m[0m[0m
[1;32m    198[0m             [0mxmax[0m [0;34m=[0m [0mmax[0m[0;34m([0m[0mbbox[0m[0;34m.[0m[0mxmax[0m[0;34m,[0m [0mxmax[0m[0;34m)[0m[0;34m[0m[0;34m[0m[0m

[0;32m~/opt/anaconda3/lib/python3.9/site-packages/schemdraw/elements/elements.py[0m in [0;36mget_bbox[0;34m(self, transform, includetext)[0m
[1;32m    412[0m             [0;32mif[0m [0mtransform[0m[0;34m:[0m[0;34m[0m[0;34m[0m[0m
[1;32m    413[0m                 [0msegment[0m [0;34m=[0m [0msegment[0m[0;34m.[0m[0mxform[0m[0;34m([0m[0mself[0m[0;34m.[0m[0mtransform[0m[0;34m)[0m[0;34m[0m[0;34m[0m[0m
[0;32m--> 414[0;31m             [0msegxmin[0m[0;34m,[0m [0msegymin[0m[0;34m,[0m [0msegxmax[0m[0;34m,[0m [0msegymax[0m [0;34m=[0m [0msegment[0m[0;34m.[0m[0mget_bbox[0m[0;34m([0m[0;34m)[0m[0;34m[0m[0;34m[0m[0m
[0m[1;32m    415[0m             [0mxmin[0m [0;34m=[0m [0mmin[0m[0;34m([0m[0mxmin[0m[0;34m,[0m [0msegxmin[0m[0;34m)[0m[0;34m[0m[0;34m[0m[0m
[1;32m    416[0m             [0mxmax[0m [0;34m=[0m [0mmax[0m[0;34m([0m[0mxmax[0m[0;34m,[0m [0msegxmax[0m[0;34m)[0m[0;34m[0m[0;34m[0m[0m

[0;32m~/opt/anaconda3/lib/python3.9/site-packages/schemdraw/segments.py[0m in [0;36mget_bbox[0;34m(self)[0m
[1;32m    331[0m                 [0mBounding[0m [0mbox[0m [0mlimits[0m [0;34m([0m[0mxmin[0m[0;34m,[0m [0mymin[0m[0;34m,[0m [0mxmax[0m[0;34m,[0m [0mymax[0m[0;34m)[0m[0;34m[0m[0;34m[0m[0m
[1;32m    332[0m         '''
[0;32m--> 333[0;31m         [0mw[0m[0;34m,[0m [0mh[0m[0;34m,[0m [0m_[0m [0;34m=[0m [0msvg[0m[0;34m.[0m[0mtext_size[0m[0;34m([0m[0mself[0m[0;34m.[0m[0mtext[0m[0;34m,[0m [0;34m'Arial'[0m[0;34m,[0m [0mself[0m[0;34m.[0m[0mfontsize[0m[0;34m)[0m[0;34m[0m[0;34m[0m[0m
[0m[1;32m    334[0m         [0;31m# h, w are in points, convert back to inches (/72)[0m[0;34m[0m[0;34m[0m[0m
[1;32m    335[0m         [0;31m# then convert back to drawing units (*2)[0m[0;34m[0m[0;34m[0m[0m

[0;32m~/opt/anaconda3/lib/python3.9/site-packages/schemdraw/backends/svg.py[0m in [0;36mtext_size[0;34m(text, font, size)[0m
[1;32m    176[0m         [0mtextsize[0m [0;34m=[0m [0;34m([0m[0mw[0m[0;34m,[0m [0mh[0m[0;34m,[0m [0;36m0.[0m[0;34m)[0m[0;34m[0m[0;34m[0m[0m
[1;32m    177[0m     [0;32melse[0m[0;34m:[0m[0;34m[0m[0;34m[0m[0m
[0;32m--> 178[0;31m         [0mtextsize[0m [0;34m=[0m [0msvgtext[0m[0;34m.[0m[0mtext_approx_size[0m[0;34m([0m[0mtext[0m[0;34m,[0m [0mfont[0m[0;34m=[0m[0mfont[0m[0;34m,[0m [0msize[0m[0;34m=[0m[0msize[0m[0;34m)[0m[0;34m[0m[0;34m[0m[0m
[0m[1;32m    179[0m     [0;32mreturn[0m [0mtextsize[0m[0;34m[0m[0;34m[0m[0m
[1;32m    180[0m [0;34m[0m[0m

[0;32m~/opt/anaconda3/lib/python3.9/site-packages/schemdraw/backends/svgtext.py[0m in [0;36mtext_approx_size[0;34m(text, font, size)[0m
[1;32m    302[0m     [0mh[0m [0;34m=[0m [0;36m0.[0m[0;34m[0m[0;34m[0m[0m
[1;32m    303[0m     [0mlines[0m [0;34m=[0m [0mtext[0m[0;34m.[0m[0msplitlines[0m[0;34m([0m[0;34m)[0m[0;34m[0m[0;34m[0m[0m
[0;32m--> 304[0;31m     [0mdy[0m [0;34m=[0m [0msize[0m [0;32mif[0m [0mlen[0m[0;34m([0m[0mlines[0m[0;34m)[0m [0;34m>[0m [0;36m1[0m [0;32melse[0m [0msize[0m [0;34m*[0m [0;36m0.8[0m[0;34m[0m[0;34m[0m[0m
[0m[1;32m    305[0m     [0;32mfor[0m [0mline[0m [0;32min[0m [0mlines[0m[0;34m:[0m[0;34m[0m[0;34m[0m[0m
[1;32m    306[0m         [0mmath[0m [0;34m=[0m [0;34m' '[0m[0;34m.[0m[0mjoin[0m[0;34m([0m[0mmathtextsvg[0m[0;34m([0m[0mline[0m[0;34m)[0m[0;34m.[0m[0mitertext[0m[0;34m([0m[0;34m)[0m[0;34m)[0m  [0;31m# itertext strips all the tags[0m[0;34m[0m[0;34m[0m[0m

[0;31mTypeError[0m: can't multiply sequence by non-int of type 'float'
TypeError: can't multiply sequence by non-int of type 'float'

